<?xml version="1.0" encoding="UTF-8"?>
<!-- Generated by org.testng.reporters.JUnitXMLReporter -->
<testsuite ignored="0" hostname="DESKTOP-HHK36CI" failures="0" tests="11" name="FancodeUsersTestModule" time="5.239" errors="0" timestamp="2024-10-10T21:41:43 IST">
  <testcase classname="Testing.Fancode_City_Assignment.FancodeUsersTest" name="validateSufficientUsersForFancodeCity" time="0.014"/>
  <testcase classname="Testing.Fancode_City_Assignment.FancodeUsersTest" name="TestTodosCompletionForFancodeCityUsers" time="0.003"/>
  <testcase classname="Testing.Fancode_City_Assignment.FancodeUsersTest" name="TestTodosCompletionForFancodeCityUsers" time="0.0">
    <skipped/>
  </testcase> <!-- TestTodosCompletionForFancodeCityUsers -->
  <testcase classname="Testing.Fancode_City_Assignment.FancodeUsersTest" name="TestTodosCompletionForFancodeCityUsers" time="0.001">
    <skipped/>
  </testcase> <!-- TestTodosCompletionForFancodeCityUsers -->
  <testcase classname="Testing.Fancode_City_Assignment.FancodeUsersTest" name="TestTodosCompletionForFancodeCityUsers" time="0.0">
    <skipped/>
  </testcase> <!-- TestTodosCompletionForFancodeCityUsers -->
  <testcase classname="Testing.Fancode_City_Assignment.FancodeUsersTest" name="TestTodosCompletionForFancodeCityUsers" time="0.001"/>
  <testcase classname="Testing.Fancode_City_Assignment.FancodeUsersTest" name="TestTodosCompletionForFancodeCityUsers" time="0.001">
    <skipped/>
  </testcase> <!-- TestTodosCompletionForFancodeCityUsers -->
  <testcase classname="Testing.Fancode_City_Assignment.FancodeUsersTest" name="TestTodosCompletionForFancodeCityUsers" time="0.001">
    <skipped/>
  </testcase> <!-- TestTodosCompletionForFancodeCityUsers -->
  <testcase classname="Testing.Fancode_City_Assignment.FancodeUsersTest" name="TestTodosCompletionForFancodeCityUsers" time="0.001">
    <skipped/>
  </testcase> <!-- TestTodosCompletionForFancodeCityUsers -->
  <testcase classname="Testing.Fancode_City_Assignment.FancodeUsersTest" name="TestTodosCompletionForFancodeCityUsers" time="0.001">
    <skipped/>
  </testcase> <!-- TestTodosCompletionForFancodeCityUsers -->
  <testcase classname="Testing.Fancode_City_Assignment.FancodeUsersTest" name="TestTodosCompletionForFancodeCityUsers" time="0.0"/>
</testsuite> <!-- FancodeUsersTestModule -->
